#-----------------------------------------------------------
# Vivado v2024.2 (64-bit)
# SW Build 5239630 on Fri Nov 08 22:35:27 MST 2024
# IP Build 5239520 on Sun Nov 10 16:12:51 MST 2024
# SharedData Build 5239561 on Fri Nov 08 14:39:27 MST 2024
# Start of session at: Wed Mar 12 11:01:42 2025
# Process ID         : 48240
# Current directory  : C:/Users/maste/OneDrive/Documents/I-CHIP/project_2
# Command line       : vivado.exe -gui_launcher_event rodinguilauncherevent73356 C:\Users\maste\OneDrive\Documents\I-CHIP\project_2\project_2.xpr
# Log file           : C:/Users/maste/OneDrive/Documents/I-CHIP/project_2/vivado.log
# Journal file       : C:/Users/maste/OneDrive/Documents/I-CHIP/project_2\vivado.jou
# Running On         : LAPTOP-3K4TLJ9H
# Platform           : Windows Server 2016 or Windows 10
# Operating System   : 22631
# Processor Detail   : Intel(R) Core(TM) i5-1035G1 CPU @ 1.00GHz
# CPU Frequency      : 1190 MHz
# CPU Physical cores : 4
# CPU Logical cores  : 8
# Host memory        : 8320 MB
# Swap memory        : 16642 MB
# Total Virtual      : 24963 MB
# Available Virtual  : 7389 MB
#-----------------------------------------------------------
start_gui
open_project C:/Users/maste/OneDrive/Documents/I-CHIP/project_2/project_2.xpr
INFO: [filemgmt 56-3] Default IP Output Path : Could not find the directory 'C:/Users/maste/OneDrive/Documents/I-CHIP/project_2/project_2.gen/sources_1'.
Scanning sources...
Finished scanning sources
INFO: [IP_Flow 19-234] Refreshing IP repositories
INFO: [IP_Flow 19-1704] No user IP repositories specified
INFO: [IP_Flow 19-2313] Loaded Vivado IP repository 'D:/Xilinx/Vivado/2024.2/data/ip'.
open_project: Time (s): cpu = 00:00:09 ; elapsed = 00:00:11 . Memory (MB): peak = 1186.562 ; gain = 69.613
update_compile_order -fileset sources_1
export_ip_user_files -of_objects  [get_files C:/Users/maste/OneDrive/Documents/I-CHIP/project_2/project_2.srcs/sim_1/new/testbench_dma.v] -no_script -reset -force -quiet
remove_files  -fileset sim_1 C:/Users/maste/OneDrive/Documents/I-CHIP/project_2/project_2.srcs/sim_1/new/testbench_dma.v
exit
INFO: [Common 17-206] Exiting Vivado at Wed Mar 12 11:05:23 2025...
