
*** Running vivado
    with args -log master_dma_controller.vds -m64 -product Vivado -mode batch -messageDb vivado.pb -notrace -source master_dma_controller.tcl



****** Vivado v2024.2 (64-bit)
  **** SW Build 5239630 on Fri Nov 08 22:35:27 MST 2024
  **** IP Build 5239520 on Sun Nov 10 16:12:51 MST 2024
  **** SharedData Build 5239561 on Fri Nov 08 14:39:27 MST 2024
  **** Start of session at: Tue Mar  4 22:36:59 2025
    ** Copyright 1986-2022 Xilinx, Inc. All Rights Reserved.
    ** Copyright 2022-2024 Advanced Micro Devices, Inc. All Rights Reserved.

source master_dma_controller.tcl -notrace
create_project: Time (s): cpu = 00:00:02 ; elapsed = 00:00:10 . Memory (MB): peak = 366.109 ; gain = 65.875
Command: read_checkpoint -auto_incremental -incremental C:/Users/maste/OneDrive/Documents/I-CHIP/project_2/project_2.srcs/utils_1/imports/synth_1/master_dma_controller.dcp
INFO: [Vivado 12-5825] Read reference checkpoint from C:/Users/maste/OneDrive/Documents/I-CHIP/project_2/project_2.srcs/utils_1/imports/synth_1/master_dma_controller.dcp for incremental synthesis
INFO: [Vivado 12-7989] Please ensure there are no constraint changes
Command: synth_design -top master_dma_controller -part xc7a35tcpg236-1
Starting synth_design
Attempting to get a license for feature 'Synthesis' and/or device 'xc7a35t'
INFO: [Common 17-349] Got license for feature 'Synthesis' and/or device 'xc7a35t'
INFO: [Designutils 20-5440] No compile time benefit to using incremental synthesis; A full resynthesis will be run
INFO: [Designutils 20-4379] Flow is switching to default flow due to incremental criteria not met. If you would like to alter this behaviour and have the flow terminate instead, please set the following parameter config_implementation {autoIncr.Synth.RejectBehavior Terminate}
INFO: [Synth 8-7079] Multithreading enabled for synth_design using a maximum of 2 processes.
INFO: [Synth 8-7078] Launching helper process for spawning children vivado processes
INFO: [Synth 8-7075] Helper process launched with PID 47384
---------------------------------------------------------------------------------
Starting Synthesize : Time (s): cpu = 00:00:06 ; elapsed = 00:00:10 . Memory (MB): peak = 852.691 ; gain = 476.176
---------------------------------------------------------------------------------
INFO: [Synth 8-6157] synthesizing module 'master_dma_controller' [C:/Users/maste/OneDrive/Documents/I-CHIP/project_2/project_2.srcs/sources_1/new/MASTER-DMA.v:2]
INFO: [Synth 8-6157] synthesizing module 'sync_fifo' [C:/Users/maste/OneDrive/Documents/I-CHIP/project_2/project_2.srcs/sources_1/new/FIFO.v:3]
	Parameter FIFO_WIDTH bound to: 32 - type: integer 
	Parameter FIFO_DEPTH bound to: 16 - type: integer 
	Parameter ADDR_WIDTH bound to: 4 - type: integer 
INFO: [Synth 8-6155] done synthesizing module 'sync_fifo' (0#1) [C:/Users/maste/OneDrive/Documents/I-CHIP/project_2/project_2.srcs/sources_1/new/FIFO.v:3]
INFO: [Synth 8-6155] done synthesizing module 'master_dma_controller' (0#1) [C:/Users/maste/OneDrive/Documents/I-CHIP/project_2/project_2.srcs/sources_1/new/MASTER-DMA.v:2]
---------------------------------------------------------------------------------
Finished Synthesize : Time (s): cpu = 00:00:08 ; elapsed = 00:00:14 . Memory (MB): peak = 958.672 ; gain = 582.156
---------------------------------------------------------------------------------
---------------------------------------------------------------------------------
Finished Constraint Validation : Time (s): cpu = 00:00:09 ; elapsed = 00:00:15 . Memory (MB): peak = 958.672 ; gain = 582.156
---------------------------------------------------------------------------------
---------------------------------------------------------------------------------
Start Loading Part and Timing Information
---------------------------------------------------------------------------------
Loading part: xc7a35tcpg236-1
INFO: [Device 21-403] Loading part xc7a35tcpg236-1
---------------------------------------------------------------------------------
Finished Loading Part and Timing Information : Time (s): cpu = 00:00:09 ; elapsed = 00:00:15 . Memory (MB): peak = 958.672 ; gain = 582.156
---------------------------------------------------------------------------------
INFO: [Synth 8-802] inferred FSM for state register 'read_state_reg' in module 'master_dma_controller'
INFO: [Synth 8-802] inferred FSM for state register 'write_state_reg' in module 'master_dma_controller'
---------------------------------------------------------------------------------------------------
                   State |                     New Encoding |                Previous Encoding 
---------------------------------------------------------------------------------------------------
                  IDLE_R |                               00 |                              000
                  ADDR_R |                               01 |                              001
                  DATA_R |                               10 |                              010
                  DONE_R |                               11 |                              011
---------------------------------------------------------------------------------------------------
INFO: [Synth 8-3354] encoded FSM with state register 'read_state_reg' using encoding 'sequential' in module 'master_dma_controller'
---------------------------------------------------------------------------------------------------
                   State |                     New Encoding |                Previous Encoding 
---------------------------------------------------------------------------------------------------
                  IDLE_W |                            00001 |                              000
                  ADDR_W |                            00010 |                              001
                  DATA_W |                            00100 |                              010
                  RESP_W |                            01000 |                              011
                  DONE_W |                            10000 |                              100
---------------------------------------------------------------------------------------------------
INFO: [Synth 8-3354] encoded FSM with state register 'write_state_reg' using encoding 'one-hot' in module 'master_dma_controller'
---------------------------------------------------------------------------------
Finished RTL Optimization Phase 2 : Time (s): cpu = 00:00:10 ; elapsed = 00:00:20 . Memory (MB): peak = 958.672 ; gain = 582.156
---------------------------------------------------------------------------------
No constraint files found.
---------------------------------------------------------------------------------
Start RTL Component Statistics 
---------------------------------------------------------------------------------
Detailed RTL Component Info : 
+---Adders : 
	   2 Input   32 Bit       Adders := 3     
	   2 Input    5 Bit       Adders := 3     
	   2 Input    4 Bit       Adders := 2     
+---Registers : 
	               32 Bit    Registers := 6     
	                5 Bit    Registers := 4     
	                4 Bit    Registers := 1     
	                1 Bit    Registers := 8     
+---RAMs : 
	              512 Bit	(16 X 32 bit)          RAMs := 1     
+---Muxes : 
	   4 Input   32 Bit        Muxes := 1     
	   5 Input   32 Bit        Muxes := 1     
	   4 Input    5 Bit        Muxes := 1     
	   5 Input    5 Bit        Muxes := 2     
	   2 Input    5 Bit        Muxes := 3     
	   2 Input    4 Bit        Muxes := 3     
	   4 Input    2 Bit        Muxes := 2     
	   2 Input    2 Bit        Muxes := 1     
	   4 Input    1 Bit        Muxes := 12    
	   2 Input    1 Bit        Muxes := 4     
	   5 Input    1 Bit        Muxes := 9     
---------------------------------------------------------------------------------
Finished RTL Component Statistics 
---------------------------------------------------------------------------------
---------------------------------------------------------------------------------
Start Part Resource Summary
---------------------------------------------------------------------------------
Part Resources:
DSPs: 90 (col length:60)
BRAMs: 100 (col length: RAMB18 60 RAMB36 30)
---------------------------------------------------------------------------------
Finished Part Resource Summary
---------------------------------------------------------------------------------
No constraint files found.
---------------------------------------------------------------------------------
Start Cross Boundary and Area Optimization
---------------------------------------------------------------------------------
WARNING: [Synth 8-7080] Parallel synthesis criteria is not met
---------------------------------------------------------------------------------
Finished Cross Boundary and Area Optimization : Time (s): cpu = 00:00:13 ; elapsed = 00:00:44 . Memory (MB): peak = 1144.543 ; gain = 768.027
---------------------------------------------------------------------------------
---------------------------------------------------------------------------------
Start ROM, RAM, DSP, Shift Register and Retiming Reporting
---------------------------------------------------------------------------------

Distributed RAM: Preliminary Mapping Report (see note below)
+----------------------+------------------------+-----------+----------------------+-------------+
|Module Name           | RTL Object             | Inference | Size (Depth x Width) | Primitives  | 
+----------------------+------------------------+-----------+----------------------+-------------+
|master_dma_controller | data_fifo/fifo_mem_reg | Implied   | 16 x 32              | RAM32M x 6  | 
+----------------------+------------------------+-----------+----------------------+-------------+

Note: The table above is a preliminary report that shows the Distributed RAMs at the current stage of the synthesis flow. Some Distributed RAMs may be reimplemented as non Distributed RAM primitives later in the synthesis flow. Multiple instantiated RAMs are reported only once.
---------------------------------------------------------------------------------
Finished ROM, RAM, DSP, Shift Register and Retiming Reporting
---------------------------------------------------------------------------------
No constraint files found.
---------------------------------------------------------------------------------
Start Timing Optimization
---------------------------------------------------------------------------------
---------------------------------------------------------------------------------
Finished Timing Optimization : Time (s): cpu = 00:00:13 ; elapsed = 00:00:45 . Memory (MB): peak = 1144.543 ; gain = 768.027
---------------------------------------------------------------------------------
---------------------------------------------------------------------------------
Start ROM, RAM, DSP, Shift Register and Retiming Reporting
---------------------------------------------------------------------------------

Distributed RAM: Final Mapping Report
+----------------------+------------------------+-----------+----------------------+-------------+
|Module Name           | RTL Object             | Inference | Size (Depth x Width) | Primitives  | 
+----------------------+------------------------+-----------+----------------------+-------------+
|master_dma_controller | data_fifo/fifo_mem_reg | Implied   | 16 x 32              | RAM32M x 6  | 
+----------------------+------------------------+-----------+----------------------+-------------+

---------------------------------------------------------------------------------
Finished ROM, RAM, DSP, Shift Register and Retiming Reporting
---------------------------------------------------------------------------------
---------------------------------------------------------------------------------
Start Technology Mapping
---------------------------------------------------------------------------------
---------------------------------------------------------------------------------
Finished Technology Mapping : Time (s): cpu = 00:00:13 ; elapsed = 00:00:45 . Memory (MB): peak = 1144.543 ; gain = 768.027
---------------------------------------------------------------------------------
---------------------------------------------------------------------------------
Start IO Insertion
---------------------------------------------------------------------------------
---------------------------------------------------------------------------------
Start Flattening Before IO Insertion
---------------------------------------------------------------------------------
---------------------------------------------------------------------------------
Finished Flattening Before IO Insertion
---------------------------------------------------------------------------------
---------------------------------------------------------------------------------
Start Final Netlist Cleanup
---------------------------------------------------------------------------------
---------------------------------------------------------------------------------
Finished Final Netlist Cleanup
---------------------------------------------------------------------------------
---------------------------------------------------------------------------------
Finished IO Insertion : Time (s): cpu = 00:00:18 ; elapsed = 00:00:52 . Memory (MB): peak = 1339.930 ; gain = 963.414
---------------------------------------------------------------------------------
---------------------------------------------------------------------------------
Start Renaming Generated Instances
---------------------------------------------------------------------------------
---------------------------------------------------------------------------------
Finished Renaming Generated Instances : Time (s): cpu = 00:00:18 ; elapsed = 00:00:52 . Memory (MB): peak = 1339.930 ; gain = 963.414
---------------------------------------------------------------------------------
---------------------------------------------------------------------------------
Start Rebuilding User Hierarchy
---------------------------------------------------------------------------------
---------------------------------------------------------------------------------
Finished Rebuilding User Hierarchy : Time (s): cpu = 00:00:18 ; elapsed = 00:00:52 . Memory (MB): peak = 1339.930 ; gain = 963.414
---------------------------------------------------------------------------------
---------------------------------------------------------------------------------
Start Renaming Generated Ports
---------------------------------------------------------------------------------
---------------------------------------------------------------------------------
Finished Renaming Generated Ports : Time (s): cpu = 00:00:18 ; elapsed = 00:00:52 . Memory (MB): peak = 1339.930 ; gain = 963.414
---------------------------------------------------------------------------------
---------------------------------------------------------------------------------
Start Handling Custom Attributes
---------------------------------------------------------------------------------
---------------------------------------------------------------------------------
Finished Handling Custom Attributes : Time (s): cpu = 00:00:18 ; elapsed = 00:00:52 . Memory (MB): peak = 1339.930 ; gain = 963.414
---------------------------------------------------------------------------------
---------------------------------------------------------------------------------
Start Renaming Generated Nets
---------------------------------------------------------------------------------
---------------------------------------------------------------------------------
Finished Renaming Generated Nets : Time (s): cpu = 00:00:18 ; elapsed = 00:00:52 . Memory (MB): peak = 1339.930 ; gain = 963.414
---------------------------------------------------------------------------------
---------------------------------------------------------------------------------
Start Writing Synthesis Report
---------------------------------------------------------------------------------

Report BlackBoxes: 
+-+--------------+----------+
| |BlackBox name |Instances |
+-+--------------+----------+
+-+--------------+----------+

Report Cell Usage: 
+------+---------+------+
|      |Cell     |Count |
+------+---------+------+
|1     |BUFG     |     1|
|2     |CARRY4   |    22|
|3     |LUT1     |     6|
|4     |LUT2     |    11|
|5     |LUT3     |    39|
|6     |LUT4     |    11|
|7     |LUT5     |    31|
|8     |LUT6     |    51|
|9     |RAM32M   |     5|
|10    |RAM32X1D |     2|
|11    |FDRE     |   238|
|12    |FDSE     |     1|
|13    |IBUF     |   109|
|14    |OBUF     |   102|
+------+---------+------+

Report Instance Areas: 
+------+------------+----------+------+
|      |Instance    |Module    |Cells |
+------+------------+----------+------+
|1     |top         |          |   629|
|2     |  data_fifo |sync_fifo |    89|
+------+------------+----------+------+
---------------------------------------------------------------------------------
Finished Writing Synthesis Report : Time (s): cpu = 00:00:18 ; elapsed = 00:00:52 . Memory (MB): peak = 1339.930 ; gain = 963.414
---------------------------------------------------------------------------------
Synthesis finished with 0 errors, 0 critical warnings and 1 warnings.
Synthesis Optimization Runtime : Time (s): cpu = 00:00:18 ; elapsed = 00:00:52 . Memory (MB): peak = 1339.930 ; gain = 963.414
Synthesis Optimization Complete : Time (s): cpu = 00:00:18 ; elapsed = 00:00:52 . Memory (MB): peak = 1339.930 ; gain = 963.414
INFO: [Project 1-571] Translating synthesized netlist
Netlist sorting complete. Time (s): cpu = 00:00:00 ; elapsed = 00:00:00.032 . Memory (MB): peak = 1354.000 ; gain = 0.000
INFO: [Netlist 29-17] Analyzing 29 Unisim elements for replacement
INFO: [Netlist 29-28] Unisim Transformation completed in 0 CPU seconds
INFO: [Project 1-570] Preparing netlist for logic optimization
INFO: [Opt 31-138] Pushed 0 inverter(s) to 0 load pin(s).
Netlist sorting complete. Time (s): cpu = 00:00:00 ; elapsed = 00:00:00.001 . Memory (MB): peak = 1465.711 ; gain = 0.000
INFO: [Project 1-111] Unisim Transformation Summary:
  A total of 7 instances were transformed.
  RAM32M => RAM32M (RAMD32(x6), RAMS32(x2)): 5 instances
  RAM32X1D => RAM32X1D (RAMD32(x2)): 2 instances

Synth Design complete | Checksum: b4aca7da
INFO: [Common 17-83] Releasing license: Synthesis
24 Infos, 1 Warnings, 0 Critical Warnings and 0 Errors encountered.
synth_design completed successfully
synth_design: Time (s): cpu = 00:00:20 ; elapsed = 00:01:04 . Memory (MB): peak = 1465.711 ; gain = 1095.633
Write ShapeDB Complete: Time (s): cpu = 00:00:00 ; elapsed = 00:00:00.194 . Memory (MB): peak = 1465.711 ; gain = 0.000
INFO: [Common 17-1381] The checkpoint 'C:/Users/maste/OneDrive/Documents/I-CHIP/project_2/project_2.runs/synth_1/master_dma_controller.dcp' has been generated.
INFO: [Vivado 12-24828] Executing command : report_utilization -file master_dma_controller_utilization_synth.rpt -pb master_dma_controller_utilization_synth.pb
INFO: [Common 17-206] Exiting Vivado at Tue Mar  4 22:39:02 2025...
